make.exe all --print-data-base --no-builtin-variables --no-builtin-rules --question
make: *** No rule to make target 'all'.  Stop.

# GNU Make 4.3
# Built for Windows32
# Copyright (C) 1988-2020 Free Software Foundation, Inc.
# License GPLv3+: GNU GPL version 3 or later <http://gnu.org/licenses/gpl.html>
# This is free software: you are free to change and redistribute it.
# There is NO WARRANTY, to the extent permitted by law.

# Make data base, printed on Mon Jan 02 12:25:45 2023

# Variables

# environment
FPS_BROWSER_APP_PROFILE_STRING = Internet Explorer
# environment
SYSTEMDRIVE = C:
# environment
JAVA_HOME = D:\air_sdk\java32
# environment
LC_ALL = C
# makefile (from 'Makefile', line 4)
SELECTCLASS = com.ankamagames.dofus.BuildInfos,com.ankamagames.dofus.network.++,com.ankamagames.jerakine.network.++
# environment
USERPROFILE = C:\Users\majdoub
# environment
LOCALAPPDATA = C:\Users\majdoub\AppData\Local
# environment
VSCODE_CWD = C:\Users\majdoub\AppData\Local\Programs\Microsoft VS Code
# environment
CHOCOLATEYINSTALL = C:\ProgramData\chocolatey
# environment
SYSTEMROOT = C:\WINDOWS
# environment
PROCESSOR_LEVEL = 23
# environment
PSMODULEPATH = C:\Program Files\WindowsPowerShell\Modules;C:\WINDOWS\system32\WindowsPowerShell\v1.0\Modules
# makefile (from 'Makefile', line 3)
DOFUS_SRC = $(CURDIR)/protocolBuilder/sources
# default
MAKE_COMMAND := C:/ProgramData/chocolatey/lib/make/tools/install/bin/make.exe
# automatic
@D = $(patsubst %/,%,$(patsubst %\,%,$(dir $@)))
# environment
CHROME_CRASHPAD_PIPE_NAME = \\.\pipe\LOCAL\crashpad_13664_SIRBIJCGAEFMKKQD
# environment
FPS_BROWSER_USER_PROFILE_STRING = Default
# environment
VSCODE_HANDLES_UNCAUGHT_ERRORS = true
# default
.VARIABLES := 
# automatic
%D = $(patsubst %/,%,$(patsubst %\,%,$(dir $%)))
# automatic
^D = $(patsubst %/,%,$(patsubst %\,%,$(dir $^)))
# automatic
%F = $(notdir $%)
# environment
VSCODE_CODE_CACHE_PATH = C:\Users\majdoub\AppData\Roaming\Code\CachedData\e8a3071ea4344d9d48ef8a4df2c097372b0c5161
# environment
LANG = C
# default
.LOADED := 
# environment
TMP = C:\Users\majdoub\AppData\Local\Temp
# default
.INCLUDE_DIRS = .
# makefile (from 'Makefile', line 2)
FFDEC = $(CURDIR)/FFDec/ffdec.bat
# environment
PROCESSOR_ARCHITEW6432 = AMD64
# makefile
MAKEFLAGS = pqrR
# environment
ONEDRIVE = C:\Users\majdoub\OneDrive
# makefile
CURDIR := c:/Users/majdoub/botdev/dofusBotDev
# environment
APPLICATION_INSIGHTS_NO_DIAGNOSTIC_CHANNEL = 1
# automatic
*D = $(patsubst %/,%,$(patsubst %\,%,$(dir $*)))
# environment
PROGRAMFILES = C:\Program Files (x86)
# environment
MFLAGS = -pqrR
# default
.SHELLFLAGS := -c
# environment
COMMONPROGRAMW6432 = C:\Program Files\Common Files
# automatic
+D = $(patsubst %/,%,$(patsubst %\,%,$(dir $+)))
# makefile (from 'Makefile', line 1)
DOFUSINVOKER = $(LOCALAPPDATA)/Ankama/Dofus/DofusInvoker.swf
# makefile (from 'Makefile', line 1)
MAKEFILE_LIST := Makefile
# automatic
@F = $(notdir $@)
# environment
VSCODE_PID = 13664
# automatic
?D = $(patsubst %/,%,$(patsubst %\,%,$(dir $?)))
# automatic
*F = $(notdir $*)
# automatic
<D = $(patsubst %/,%,$(patsubst %\,%,$(dir $<)))
# environment
VSCODE_NLS_CONFIG = {"locale":"en-us","availableLanguages":{},"_languagePackSupport":true}
# makefile (from 'Makefile', line 6)
PYD2BOT_DIR = $(CURDIR)/pyd2bot
# environment
JD2_HOME = C:\Users\majdoub\AppData\Local\JDownloader 2.0
# environment
ONEDRIVECONSUMER = C:\Users\majdoub\OneDrive
# default
MAKE_HOST := Windows32
# environment
PROGRAMDATA = C:\ProgramData
# default
SHELL := sh.exe
# environment
HOMEPATH = \Users\majdoub
# default
MAKECMDGOALS := all
# environment
PASS_ENC_KEYS = D:\RSA-KEYS\password-crypting
# environment
DRIVERDATA = C:\Windows\System32\Drivers\DriverData
# environment
COMSPEC = C:\WINDOWS\system32\cmd.exe
# environment
WINDIR = C:\WINDOWS
# environment
MAKELEVEL := 0
# default
MAKE = $(MAKE_COMMAND)
# environment
PATH = C:\Program Files\Common Files\Oracle\Java\javapath;C:\Program Files (x86)\Common Files\Oracle\Java\javapath;C:\Windows\system32;C:\Windows;C:\Windows\System32\Wbem;C:\Windows\System32\WindowsPowerShell\v1.0\;C:\Windows\System32\OpenSSH\;C:\Program Files (x86)\NVIDIA Corporation\PhysX\Common;C:\Program Files\Git\cmd;C:\Program Files\NVIDIA Corporation\NVIDIA NvDLISR;C:\ProgramData\chocolatey\bin;C:\WINDOWS\system32;C:\WINDOWS;C:\WINDOWS\System32\Wbem;C:\WINDOWS\System32\WindowsPowerShell\v1.0\;C:\WINDOWS\System32\OpenSSH\;D:\air_sdk\bin;C:\Program Files\Wireshark;C:\Program Files\PuTTY\;C:\Program Files\nodejs\;C:\Program Files (x86)\Yarn\bin\;C:\Users\majdoub\AppData\Local\Microsoft\WindowsApps;C:\Program Files\JetBrains\PyCharm 2021.1.1\bin;;C:\Users\majdoub\AppData\Local\Programs\Microsoft VS Code\bin;D:\air_sdk\bin;C:\Users\majdoub\AppData\Roaming\npm;C:\Users\majdoub\AppData\Local\Yarn\bin
# environment
COMPUTERNAME = DESKTOP-J18FV15
# default
MAKEFILES := 
# automatic
^F = $(notdir $^)
# environment
PYCHARM = C:\Program Files\JetBrains\PyCharm 2021.1.1\bin;
# environment
PROMPT = $P$G
# environment
CHOCOLATEYLASTPATHUPDATE = 132702433357423754
# environment
LOGONSERVER = \\DESKTOP-J18FV15
# makefile (from 'Makefile', line 7)
PYD2BOTAPP_DIR = $(CURDIR)/pyd2botApp
# environment
USERNAME = majdoub
# environment
COMMONPROGRAMFILES = C:\Program Files (x86)\Common Files
# automatic
?F = $(notdir $?)
# environment
PROGRAMW6432 = C:\Program Files
# environment
PATHEXT = .COM;.EXE;.BAT;.CMD;.VBS;.VBE;.JS;.JSE;.WSF;.WSH;.MSC
# automatic
+F = $(notdir $+)
# environment
ORIGINAL_XDG_CURRENT_DESKTOP = undefined
# environment
USERDOMAIN = DESKTOP-J18FV15
# 'override' directive
GNUMAKEFLAGS := 
# environment
OS = Windows_NT
# makefile
.DEFAULT_GOAL := setup
# default
MAKE_VERSION := 4.3
# environment
PROGRAMFILES(X86) = C:\Program Files (x86)
# makefile (from 'Makefile', line 8)
PYD2BOT_DIST_DIR = "$(APPDATA)"/pyd2bot/
# environment
USERDOMAIN_ROAMINGPROFILE = DESKTOP-J18FV15
# environment
NUMBER_OF_PROCESSORS = 12
# environment
PUBLIC = C:\Users\Public
# environment
ASL.LOG = Destination=file
# environment
APPDATA = C:\Users\majdoub\AppData\Roaming
# environment
HOMEDRIVE = C:
# environment
PROCESSOR_ARCHITECTURE = x86
# environment
VSCODE_AMD_ENTRYPOINT = vs/workbench/api/node/extensionHostProcess
# environment
COMMONPROGRAMFILES(X86) = C:\Program Files (x86)\Common Files
# makefile (from 'Makefile', line 5)
PYDOFUS_DIR = $(CURDIR)/pydofus2
# environment
ELECTRON_RUN_AS_NODE = 1
# environment
TEMP = C:\Users\majdoub\AppData\Local\Temp
# environment
VSCODE_IPC_HOOK = \\.\pipe\f2475f17bdf8677878890fefe4ea0ab7-1.74.2-main-sock
# default
.RECIPEPREFIX := 
# automatic
<F = $(notdir $<)
# default
SUFFIXES := 
# environment
ALLUSERSPROFILE = C:\ProgramData
# environment
SESSIONNAME = Console
# default
.FEATURES := target-specific order-only second-expansion else-if shortest-stem undefine oneshell nocomment grouped-target extra-prereqs archives jobserver output-sync load
# environment
PROCESSOR_REVISION = 0802
# environment
DEBUG_NETWORK = true
# environment
PROCESSOR_IDENTIFIER = AMD64 Family 23 Model 8 Stepping 2, AuthenticAMD
# variable set hash-table stats:
# Load=106/1024=10%, Rehash=0, Collisions=9/133=7%

# Pattern-specific Variable Values

# No pattern-specific variable values.

# Directories

# . (key c:/Users/majdoub/botdev/dofusBotDev, mtime 1672658219): 18 files, no impossibilities.

# 18 files, no impossibilities in 1 directories.

# Implicit Rules

# No implicit rules.

# Files

.ONESHELL:
#  Implicit rule search has not been done.
#  Modification time never checked.
#  File has not been updated.

update: decompile gen-protocol gen-msgClasses gen-msgShuffle extract-keys unpack-maps bdist
#  Implicit rule search has not been done.
#  Modification time never checked.
#  File has not been updated.

extract-keys:
#  Implicit rule search has not been done.
#  Modification time never checked.
#  File has not been updated.
#  recipe to execute (from 'Makefile', line 29):
	@$(FFDEC) -config parallelSpeedUp=true -export binaryData $(PYDOFUS_DIR)/binaryData $(DOFUSINVOKER)

setup:
#  Phony target (prerequisite of .PHONY).
#  Implicit rule search has not been done.
#  File does not exist.
#  File has not been updated.
#  recipe to execute (from 'Makefile', line 13):
	python -m venv .venv
	source .venv/Scripts/activate
	pip install --upgrade pip
	pip install --upgrade setuptools
	echo "$(PYDOFUS_DIR)" >> .venv/pydofus2.pth
	echo "$(PYD2BOT_DIR)" >> .venv/pyd2bot.pth
	pip install -r requirements.txt

decompile:
#  Implicit rule search has not been done.
#  Modification time never checked.
#  File has not been updated.
#  recipe to execute (from 'Makefile', line 24):
	@$(FFDEC) -config parallelSpeedUp=true -selectclass $(SELECTCLASS) -export script $(DOFUS_SRC) $(DOFUSINVOKER)

# Not a target:
Makefile:
#  Implicit rule search has been done.
#  Last modified 2022-08-02 09:38:24
#  File has been updated.
#  Successfully updated.

gen-protocol:
#  Implicit rule search has not been done.
#  Modification time never checked.
#  File has not been updated.
#  recipe to execute (from 'Makefile', line 32):
	source .venv/Scripts/activate
	@echo "Generating protocol..."
	@python protocolBuilder/protocolParser.py $(DOFUS_SRC)
	@echo "Protocol generated"

# Not a target:
.DEFAULT:
#  Implicit rule search has not been done.
#  Modification time never checked.
#  File has not been updated.

# Not a target:
all:
#  Command line target.
#  Implicit rule search has been done.
#  File does not exist.
#  File has not been updated.

run:
#  Implicit rule search has not been done.
#  Modification time never checked.
#  File has not been updated.
#  recipe to execute (from 'Makefile', line 91):
	cd pyd2botApp
	npm start

sniff:
#  Implicit rule search has not been done.
#  Modification time never checked.
#  File has not been updated.
#  recipe to execute (from 'Makefile', line 60):
	source .venv/Scripts/activate
	@python -m snifferApp 

testClient:
#  Implicit rule search has not been done.
#  Modification time never checked.
#  File has not been updated.
#  recipe to execute (from 'Makefile', line 87):
	source .venv/Scripts/activate
	python $(CURDIR)/pyd2bot/pyd2bot/thriftServer/pyd2botClient.py

unpack-maps:
#  Implicit rule search has not been done.
#  Modification time never checked.
#  File has not been updated.
#  recipe to execute (from 'Makefile', line 50):
	source .venv/Scripts/activate
	@echo "Unpacking maps..."
	@python scripts/unpack_maps.py $(DOFUS_SRC)
	@echo "Maps unpacked"

rebuild:
#  Implicit rule search has not been done.
#  Modification time never checked.
#  File has not been updated.
#  recipe to execute (from 'Makefile', line 77):
	@cd $(PYD2BOT_DIR)
	@source .buildEnv/Scripts/activate
	@python build.py build
	@cp -a $(PYD2BOT_DIR)/build/exe.win-amd64-3.9/* $(PYD2BOT_DIST_DIR)

gen-msgClasses:
#  Implicit rule search has not been done.
#  Modification time never checked.
#  File has not been updated.
#  recipe to execute (from 'Makefile', line 38):
	source .venv/Scripts/activate
	@echo "Generating msgClasses..."
	@python protocolBuilder/exportClasses.py
	@echo "msgClasses generated"

serve:
#  Implicit rule search has not been done.
#  Modification time never checked.
#  File has not been updated.
#  recipe to execute (from 'Makefile', line 83):
	source .venv/Scripts/activate
	python $(CURDIR)/pyd2bot/pyd2bot.py

deps:
#  Implicit rule search has not been done.
#  Modification time never checked.
#  File has not been updated.
#  recipe to execute (from 'Makefile', line 56):
	source .venv/Scripts/activate
	@pip install -r requirements.txt

gen-thrift:
#  Implicit rule search has not been done.
#  Modification time never checked.
#  File has not been updated.
#  recipe to execute (from 'Makefile', line 95):
	cd $(PYD2BOT_DIR)/pyd2bot/thriftServer
	./thrift-0.16.0.exe -r --gen js:node $(PYD2BOT_DIR)/pyd2bot/thriftServer/pyd2botService.thrift
	rm -rf $(PYD2BOTAPP_DIR)/src/pyd2botService
	mv gen-nodejs $(PYD2BOTAPP_DIR)/src/pyd2botService
	./thrift-0.16.0.exe -r --gen py $(PYD2BOT_DIR)/pyd2bot/thriftServer/pyd2botService.thrift
	rm -rf pyd2botService
	mv gen-py/pyd2botService/ ./
	rm -rf gen-py

gen-msgShuffle:
#  Implicit rule search has not been done.
#  Modification time never checked.
#  File has not been updated.
#  recipe to execute (from 'Makefile', line 44):
	source .venv/Scripts/activate
	@echo "Generating msgShuffle..."
	@python protocolBuilder/extractMsgShuffle.py $(DOFUS_SRC)/scripts/com/ankamagames/dofus/network/MessageReceiver.as
	@echo "msgShuffle generated"

.PHONY: setup
#  Implicit rule search has not been done.
#  Modification time never checked.
#  File has not been updated.

bdist:
#  Implicit rule search has not been done.
#  Modification time never checked.
#  File has not been updated.
#  recipe to execute (from 'Makefile', line 64):
	@cd $(PYD2BOT_DIR)
	@python -m venv .buildEnv
	@source .buildEnv/Scripts/activate
	@cd $(PYDOFUS_DIR)
	@python -m pip install --upgrade pip
	@pip install wheel
	@pip install .
	@cd $(PYD2BOT_DIR)
	@pip install -r requirements.txt
	@python build.py build
	@cp -a $(PYD2BOT_DIR)/build/exe.win-amd64-3.9/* $(PYD2BOT_DIST_DIR)

# files hash-table stats:
# Load=22/1024=2%, Rehash=0, Collisions=0/49=0%
# VPATH Search Paths

# No 'vpath' search paths.

# No general ('VPATH' variable) search path.

# strcache buffers: 1 (0) / strings = 39 / storage = 352 B / avg = 9 B
# current buf: size = 8174 B / used = 352 B / count = 39 / avg = 9 B

# strcache performance: lookups = 71 / hit rate = 45%
# hash-table stats:
# Load=39/8192=0%, Rehash=0, Collisions=0/71=0%
# Finished Make data base on Mon Jan 02 12:25:45 2023

 
